2022-09-22 10:49:38,862 - INFO - Starting Main
2022-09-22 10:49:38,863 - INFO - Running 10 PIPELINE
2022-09-22 10:49:38,999 - INFO - 2 Processe(s) to run...
2022-09-22 10:49:39,000 - INFO - 10 Thread Controller started...
2022-09-22 10:49:39,000 - INFO - Sleeping...
2022-09-22 10:49:39,001 - INFO - Bagels is running...
2022-09-22 10:49:39,001 - INFO - 10 Thread Controller started...
2022-09-22 10:49:39,002 - INFO - Birthday Paradox is running...
2022-09-22 10:49:39,003 - INFO - 10 Thread Controller Done...
2022-09-22 10:50:32,802 - INFO - Bagels is closed...
2022-09-22 10:50:45,537 - INFO - Birthday Paradox is closed...
2022-09-22 11:01:59,014 - INFO - Cleaning...
2022-09-22 11:01:59,014 - INFO - Completed PIPELINE
2022-09-22 11:01:59,014 - INFO - Running 11 PIPELINE
2022-09-22 11:01:59,017 - INFO - 0 Processes to run...
2022-09-22 11:01:59,017 - INFO - Sleeping...
2022-09-22 12:01:59,028 - INFO - Cleaning...
2022-09-22 12:01:59,028 - INFO - Completed PIPELINE
2022-09-22 12:01:59,028 - INFO - Running 12 PIPELINE
2022-09-22 12:01:59,035 - INFO - 0 Processes to run...
2022-09-22 12:01:59,035 - INFO - Sleeping...
2022-09-22 13:01:59,045 - INFO - Cleaning...
2022-09-22 13:01:59,048 - INFO - Completed PIPELINE
2022-09-22 13:01:59,048 - INFO - Running 13 PIPELINE
2022-09-22 13:01:59,064 - INFO - 0 Processes to run...
2022-09-22 13:01:59,064 - INFO - Sleeping...
2022-09-23 14:05:07,762 - INFO - Cleaning...
2022-09-23 14:05:07,762 - INFO - Completed PIPELINE
2022-09-23 14:05:07,762 - INFO - Running 14 PIPELINE
2022-09-23 14:05:07,762 - INFO - 0 Processes to run...
2022-09-23 14:05:07,762 - INFO - Sleeping...
2022-09-23 15:01:59,769 - INFO - Cleaning...
2022-09-23 15:01:59,774 - INFO - Completed PIPELINE
2022-09-23 15:01:59,774 - INFO - Running 15 PIPELINE
2022-09-23 15:01:59,799 - INFO - 0 Processes to run...
2022-09-23 15:01:59,799 - INFO - Sleeping...
